<?xml version="1.0" encoding="UTF-8"?>
<!-- Generated by org.testng.reporters.JUnitXMLReporter -->
<testsuite hostname="SYAM-DS0F3D813" name="testParallel" tests="3" failures="0" timestamp="11 May 2018 06:32:55 GMT" time="33.18" errors="0">
  <testcase name="f" time="15.13" classname="parallelClasses.Chrome"/>
  <testcase name="f" time="17.47" classname="parallelClasses.InternetExplorer"/>
  <testcase name="f" time="14.599" classname="parallelClasses.Firefox"/>
</testsuite> <!-- testParallel -->
